<?xml version="1.0" encoding="UTF-8"?>
<!-- Generated by org.testng.reporters.JUnitReportReporter -->
<testsuite hostname="LAPTOP-D78H200V" failures="0" tests="1" name="restpackage.rest1" time="2.539" errors="0" timestamp="14 Nov 2022 09:20:57 GMT">
  <testcase classname="restpackage.rest1" name="post_tc3" time="2.539"/>
</testsuite> <!-- restpackage.rest1 -->
