<?xml version="1.0" encoding="UTF-8"?>
<!-- Generated by org.testng.reporters.JUnitReportReporter -->
<testsuite hostname="LAPTOP-D78H200V" failures="0" tests="2" name="restpackage.trello_boards" time="3.989" errors="0" timestamp="15 Nov 2022 08:58:58 GMT">
  <testcase classname="restpackage.trello_boards" name="create_trello_board" time="2.878"/>
  <testcase classname="restpackage.trello_boards" name="delete_board" time="1.111"/>
</testsuite> <!-- restpackage.trello_boards -->
