<?xml version="1.0" encoding="UTF-8"?>
<!-- Generated by org.testng.reporters.JUnitReportReporter -->
<testsuite hostname="LAPTOP-D78H200V" failures="0" tests="1" name="restpackage.trello_boards" time="2.797" errors="0" timestamp="22 Dec 2022 16:21:19 GMT">
  <testcase classname="restpackage.trello_boards" name="create_trello_board" time="2.797"/>
</testsuite> <!-- restpackage.trello_boards -->
