<?xml version="1.0" encoding="UTF-8"?>
<!-- Generated by org.testng.reporters.JUnitReportReporter -->
<testsuite hostname="LAPTOP-D78H200V" failures="0" tests="6" name="restpackage.RestAPITesting" time="3.745" errors="0" timestamp="24 Dec 2022 09:53:02 GMT">
  <testcase classname="restpackage.RestAPITesting" name="tc_1" time="0.535"/>
  <testcase classname="restpackage.RestAPITesting" name="put" time="0.466"/>
  <testcase classname="restpackage.RestAPITesting" name="deletetest" time="1.653"/>
  <testcase classname="restpackage.RestAPITesting" name="testPost" time="0.460"/>
  <testcase classname="restpackage.RestAPITesting" name="test_examples" time="0.075"/>
  <testcase classname="restpackage.RestAPITesting" name="patchtest" time="0.556"/>
</testsuite> <!-- restpackage.RestAPITesting -->
