<?xml version="1.0" encoding="UTF-8"?>
<!-- Generated by org.testng.reporters.JUnitReportReporter -->
<testsuite hostname="LAPTOP-D78H200V" failures="0" tests="1" name="restpackage.rest1" time="1.430" errors="0" timestamp="23 Dec 2022 14:42:16 GMT">
  <testcase classname="restpackage.rest1" name="tc1" time="1.430"/>
</testsuite> <!-- restpackage.rest1 -->
